13:33:58 **** Incremental Build of configuration Debug for project LCD_Exercise ****
make all 
Building file: ../lcd.c
Invoking: AVR Compiler
avr-gcc -Wall -g2 -gstabs -O0 -fpack-struct -fshort-enums -ffunction-sections -fdata-sections -std=gnu99 -funsigned-char -funsigned-bitfields -mmcu=atmega32 -DF_CPU=1000000UL -MMD -MP -MF"lcd.d" -MT"lcd.o" -c -o "lcd.o" "../lcd.c"
In file included from ../lcd.h:12,
                 from ../lcd.c:9:
c:/winavr-20100110/lib/gcc/../../avr/include/util/delay.h:90:3: warning: #warning "Compiler optimizations disabled; functions from <util/delay.h> won't work as designed"
Finished building: ../lcd.c
 
Building file: ../main.c
Invoking: AVR Compiler
avr-gcc -Wall -g2 -gstabs -O0 -fpack-struct -fshort-enums -ffunction-sections -fdata-sections -std=gnu99 -funsigned-char -funsigned-bitfields -mmcu=atmega32 -DF_CPU=1000000UL -MMD -MP -MF"main.d" -MT"main.o" -c -o "main.o" "../main.c"
In file included from ../lcd.h:12,
                 from ../main.c:8:
c:/winavr-20100110/lib/gcc/../../avr/include/util/delay.h:90:3: warning: #warning "Compiler optimizations disabled; functions from <util/delay.h> won't work as designed"
../main.c: In function 'main':
../main.c:13: warning: pointer targets in passing argument 1 of 'LCD_displayString' differ in signedness
Finished building: ../main.c
 
Building target: LCD_Exercise.elf
Invoking: AVR C Linker
avr-gcc -Wl,-Map,LCD_Exercise.map -mmcu=atmega32 -o "LCD_Exercise.elf"  ./gpio.o ./lcd.o ./main.o   
Finished building target: LCD_Exercise.elf
 
Invoking: AVR Create Extended Listing
avr-objdump -h -S LCD_Exercise.elf  >"LCD_Exercise.lss"
Finished building: LCD_Exercise.lss
 
Invoking: Print Size
avr-size --format=avr --mcu=atmega32 LCD_Exercise.elf
AVR Memory Usage
----------------
Device: atmega32

Program:    7306 bytes (22.3% Full)
(.text + .data + .bootloader)

Data:         18 bytes (0.9% Full)
(.data + .bss + .noinit)


Finished building: sizedummy
 

13:33:59 Build Finished. 0 errors, 3 warnings. (took 1s.401ms)

