14:42:46 **** Incremental Build of configuration Debug for project UART_Project ****
make all 
Invoking: Print Size
avr-size --format=avr --mcu=atmega32 libUART_Project.a
AVR Memory Usage
----------------
Device: atmega32

Program:       0 bytes (0.0% Full)
(.text + .data + .bootloader)

Data:          0 bytes (0.0% Full)
(.data + .bss + .noinit)


AVR Memory Usage
----------------
Device: atmega32

Program:       0 bytes (0.0% Full)
(.text + .data + .bootloader)

Data:          0 bytes (0.0% Full)
(.data + .bss + .noinit)


Finished building: sizedummy
 

14:42:46 Build Finished. 0 errors, 0 warnings. (took 276ms)

